<?xml version="1.0" encoding="UTF-8"?>
<!-- Generated by org.testng.reporters.JUnitReportReporter -->
<testsuite hostname="ChienTT" failures="0" tests="1" name="jlearning.LoginTest" time="5.037" errors="0" timestamp="2023-12-02T23:58:56 ICT" skipped="0">
  <testcase classname="jlearning.LoginTest" name="TC11_ForgetPassLink" time="5.037"/>
  <system-out/>
</testsuite> <!-- jlearning.LoginTest -->
