<?xml version="1.0" encoding="UTF-8"?>
<!-- Generated by org.testng.reporters.JUnitReportReporter -->
<testsuite hostname="ChienTT" failures="0" tests="1" name="jlearning.RegisterTest" time="6.390" errors="0" timestamp="2023-12-03T01:21:00 ICT" skipped="0">
  <testcase classname="jlearning.RegisterTest" name="TC24" time="6.390"/>
  <system-out/>
</testsuite> <!-- jlearning.RegisterTest -->
